<?xml version="1.0" encoding="UTF-8"?>
<!-- Generated by org.testng.reporters.JUnitReportReporter -->
<testsuite hostname="QA-Saurabh" failures="0" tests="6" name="mainClass.MainClass" time="5.089" errors="0" timestamp="2024-07-14T22:40:52 IST" skipped="0">
  <testcase classname="mainClass.MainClass" name="todo" time="2.315"/>
  <system-out/>
  <testcase classname="mainClass.MainClass" name="post" time="0.292"/>
  <system-out/>
  <testcase classname="mainClass.MainClass" name="comment" time="1.116"/>
  <system-out/>
  <testcase classname="mainClass.MainClass" name="Album" time="0.286"/>
  <system-out/>
  <testcase classname="mainClass.MainClass" name="photos" time="0.880"/>
  <system-out/>
  <testcase classname="mainClass.MainClass" name="user" time="0.200"/>
  <system-out/>
</testsuite> <!-- mainClass.MainClass -->
